Unity Editor version:    2021.3.16f1 (4016570cf34f)
Branch:                  2021.3/evg/staging/82bb020e-b03b1330/draft-0
Build type:              Release
Batch mode:              YES
macOS version:           Version 14.0 (Build 23A344)
Darwin version:          23.0.0
Architecture:            arm64
Running under Rosetta:   NO
Available memory:        16384 MB
Using pre-set license
Pro License: YES

COMMAND LINE ARGUMENTS:
/Applications/Unity/Hub/Editor/2021.3.16f1/Unity.app/Contents/MacOS/Unity
-adb2
-batchMode
-noUpm
-name
AssetImportWorker1
-projectPath
/Users/ashrafjfr/Unity/FurnishAR
-logFile
Logs/AssetImportWorker1.log
-srvPort
65478
Successfully changed project path to: /Users/ashrafjfr/Unity/FurnishAR
/Users/ashrafjfr/Unity/FurnishAR
[UnityMemory] Configuration Parameters - Can be set up in boot.config
    "memorysetup-bucket-allocator-granularity=16"
    "memorysetup-bucket-allocator-bucket-count=8"
    "memorysetup-bucket-allocator-block-size=33554432"
    "memorysetup-bucket-allocator-block-count=8"
    "memorysetup-main-allocator-block-size=16777216"
    "memorysetup-thread-allocator-block-size=16777216"
    "memorysetup-gfx-main-allocator-block-size=16777216"
    "memorysetup-gfx-thread-allocator-block-size=16777216"
    "memorysetup-cache-allocator-block-size=4194304"
    "memorysetup-typetree-allocator-block-size=2097152"
    "memorysetup-profiler-bucket-allocator-granularity=16"
    "memorysetup-profiler-bucket-allocator-bucket-count=8"
    "memorysetup-profiler-bucket-allocator-block-size=33554432"
    "memorysetup-profiler-bucket-allocator-block-count=8"
    "memorysetup-profiler-allocator-block-size=16777216"
    "memorysetup-profiler-editor-allocator-block-size=1048576"
    "memorysetup-temp-allocator-size-main=16777216"
    "memorysetup-job-temp-allocator-block-size=2097152"
    "memorysetup-job-temp-allocator-block-size-background=1048576"
    "memorysetup-job-temp-allocator-reduction-small-platforms=262144"
    "memorysetup-temp-allocator-size-background-worker=32768"
    "memorysetup-temp-allocator-size-job-worker=262144"
    "memorysetup-temp-allocator-size-preload-manager=33554432"
    "memorysetup-temp-allocator-size-nav-mesh-worker=65536"
    "memorysetup-temp-allocator-size-audio-worker=65536"
    "memorysetup-temp-allocator-size-cloud-worker=32768"
    "memorysetup-temp-allocator-size-gi-baking-worker=262144"
    "memorysetup-temp-allocator-size-gfx=262144"
Player connection [7927960320] Host "[IP] 192.168.1.48 [Port] 0 [Flags] 2 [Guid] 4133528787 [EditorId] 4133528787 [Version] 1048832 [Id] OSXEditor(0,Ashrafs-MacBook-Pro.local) [Debug] 1 [PackageName] OSXEditor [ProjectName] Editor" joined multi-casting on [225.0.0.222:54997]...

Player connection [7927960320] Host "[IP] 192.168.1.48 [Port] 0 [Flags] 2 [Guid] 4133528787 [EditorId] 4133528787 [Version] 1048832 [Id] OSXEditor(0,Ashrafs-MacBook-Pro.local) [Debug] 1 [PackageName] OSXEditor [ProjectName] Editor" joined alternative multi-casting on [225.0.0.222:34997]...

Refreshing native plugins compatible for Editor in 92.16 ms, found 2 plugins.
Preloading 0 native plugins for Editor in 0.00 ms.
Initialize engine version: 2021.3.16f1 (4016570cf34f)
[Subsystems] Discovering subsystems at path /Applications/Unity/Hub/Editor/2021.3.16f1/Unity.app/Contents/Resources/UnitySubsystems
[Subsystems] Discovering subsystems at path /Users/ashrafjfr/Unity/FurnishAR/Assets
GfxDevice: creating device client; threaded=0; jobified=0
 preferred device: Apple M1 Pro (high power)
Metal devices available: 1
0: Apple M1 Pro (high power)
Using device Apple M1 Pro (high power)
Initializing Metal device caps: Apple M1 Pro
Initialize mono
Mono path[0] = '/Applications/Unity/Hub/Editor/2021.3.16f1/Unity.app/Contents/Managed'
Mono path[1] = '/Applications/Unity/Hub/Editor/2021.3.16f1/Unity.app/Contents/MonoBleedingEdge/lib/mono/unityjit-macos'
Mono config path = '/Applications/Unity/Hub/Editor/2021.3.16f1/Unity.app/Contents/MonoBleedingEdge/etc'
Using monoOptions --debugger-agent=transport=dt_socket,embedding=1,server=y,suspend=n,address=127.0.0.1:56104
Begin MonoManager ReloadAssembly
Registering precompiled unity dll's ...
Register platform support module: /Applications/Unity/Hub/Editor/2021.3.16f1/Unity.app/Contents/PlaybackEngines/MacStandaloneSupport/UnityEditor.OSXStandalone.Extensions.dll
Register platform support module: /Applications/Unity/Hub/Editor/2021.3.16f1/PlaybackEngines/AndroidPlayer/UnityEditor.Android.Extensions.dll
Register platform support module: /Applications/Unity/Hub/Editor/2021.3.16f1/PlaybackEngines/iOSSupport/UnityEditor.iOS.Extensions.dll
Registered in 0.000777 seconds.
[usbmuxd] Start listen thread
[usbmuxd] Listen thread started
[usbmuxd] Send listen message
Native extension for iOS target not found
[usbmuxd] Attached: 681 00008130-0002248926E0001C
Native extension for Android target not found
Native extension for OSXStandalone target not found
Refreshing native plugins compatible for Editor in 83.10 ms, found 2 plugins.
Preloading 0 native plugins for Editor in 0.00 ms.
Mono: successfully reloaded assembly
- Completed reload, in  0.503 seconds
Domain Reload Profiling:
	ReloadAssembly (503ms)
		BeginReloadAssembly (56ms)
			ExecutionOrderSort (0ms)
			DisableScriptedObjects (0ms)
			BackupInstance (0ms)
			ReleaseScriptingObjects (0ms)
			CreateAndSetChildDomain (0ms)
		EndReloadAssembly (379ms)
			LoadAssemblies (58ms)
			RebuildTransferFunctionScriptingTraits (0ms)
			SetupTypeCache (72ms)
			ReleaseScriptCaches (0ms)
			RebuildScriptCaches (21ms)
			SetupLoadedEditorAssemblies (254ms)
				LogAssemblyErrors (0ms)
				InitializePlatformSupportModulesInManaged (96ms)
				SetLoadedEditorAssemblies (0ms)
				RefreshPlugins (83ms)
				BeforeProcessingInitializeOnLoad (1ms)
				ProcessInitializeOnLoadAttributes (48ms)
				ProcessInitializeOnLoadMethodAttributes (26ms)
				AfterProcessingInitializeOnLoad (0ms)
				EditorAssembliesLoaded (0ms)
			ExecutionOrderSort2 (0ms)
			AwakeInstancesAfterBackupRestoration (0ms)
Platform modules already initialized, skipping
Registering precompiled user dll's ...
Registered in 0.002599 seconds.
Begin MonoManager ReloadAssembly
Symbol file LoadedFromMemory doesn't match image /Users/ashrafjfr/Unity/FurnishAR/Library/PackageCache/com.unity.visualscripting@1.7.8/Editor/VisualScripting.Core/Dependencies/DotNetZip/Unity.VisualScripting.IonicZip.dll
Symbol file LoadedFromMemory doesn't match image /Users/ashrafjfr/Unity/FurnishAR/Library/PackageCache/com.unity.visualscripting@1.7.8/Editor/VisualScripting.Core/Dependencies/YamlDotNet/Unity.VisualScripting.YamlDotNet.dll
Native extension for iOS target not found
Native extension for Android target not found
Native extension for OSXStandalone target not found
Refreshing native plugins compatible for Editor in 82.88 ms, found 2 plugins.
Preloading 0 native plugins for Editor in 0.00 ms.
Package Manager log level set to [2]
Mono: successfully reloaded assembly
- Completed reload, in  0.913 seconds
Domain Reload Profiling:
	ReloadAssembly (913ms)
		BeginReloadAssembly (164ms)
			ExecutionOrderSort (0ms)
			DisableScriptedObjects (3ms)
			BackupInstance (0ms)
			ReleaseScriptingObjects (0ms)
			CreateAndSetChildDomain (123ms)
		EndReloadAssembly (680ms)
			LoadAssemblies (60ms)
			RebuildTransferFunctionScriptingTraits (0ms)
			SetupTypeCache (192ms)
			ReleaseScriptCaches (3ms)
			RebuildScriptCaches (39ms)
			SetupLoadedEditorAssemblies (354ms)
				LogAssemblyErrors (0ms)
				InitializePlatformSupportModulesInManaged (13ms)
				SetLoadedEditorAssemblies (0ms)
				RefreshPlugins (83ms)
				BeforeProcessingInitializeOnLoad (80ms)
				ProcessInitializeOnLoadAttributes (163ms)
				ProcessInitializeOnLoadMethodAttributes (14ms)
				AfterProcessingInitializeOnLoad (1ms)
				EditorAssembliesLoaded (0ms)
			ExecutionOrderSort2 (0ms)
			AwakeInstancesAfterBackupRestoration (2ms)
Platform modules already initialized, skipping
========================================================================
Worker process is ready to serve import requests
Launching external process: /Applications/Unity/Hub/Editor/2021.3.16f1/Unity.app/Contents/Tools/UnityShaderCompiler
Launched and connected shader compiler UnityShaderCompiler after 0.05 seconds
Refreshing native plugins compatible for Editor in 0.60 ms, found 2 plugins.
Preloading 0 native plugins for Editor in 0.00 ms.
Unloading 4405 Unused Serialized files (Serialized files now loaded: 0)
Unloading 53 unused Assets / (54.6 KB). Loaded Objects now: 4845.
Memory consumption went from 147.8 MB to 147.8 MB.
Total: 2.728167 ms (FindLiveObjects: 0.147459 ms CreateObjectMapping: 0.057208 ms MarkObjects: 2.431208 ms  DeleteObjects: 0.091709 ms)

AssetImportParameters requested are different than current active one (requested -> active):
  custom:video-decoder-ogg-theora: a1e56fd34408186e4bbccfd4996cb3dc -> 
  custom:container-muxer-webm: aa71ff27fc2769a1b78a27578f13a17b -> 
  custom:container-demuxer-webm: 4f35f7cbe854078d1ac9338744f61a02 -> 
  custom:video-encoder-webm-vp8: eb34c28f22e8b96e1ab97ce403110664 -> 
  custom:framework-osx-AVFoundation: e770b220cccbd017edd2c1fefb359320 -> 
  custom:audio-encoder-webm-vorbis: bf7c407c2cedff20999df2af8eb42d56 -> 
  custom:container-demuxer-ogg: 62fdf1f143b41e24485cea50d1cbac27 -> 
  custom:video-decoder-webm-vp8: 9c59270c3fd7afecdb556c50c9e8de78 -> 
  custom:audio-decoder-ogg-vorbis: bf7c407c2cedff20999df2af8eb42d56 -> 
========================================================================
Received Import Request.
  Time since last request: 546896.299184 seconds.
  path: Assets/Prefabs/bed_2.prefab
  artifactKey: Guid(d4a5ab8e8d903459dbc3e56db73e0af4) Importer(815301076,1909f56bfc062723c751e8b465ee728b)
Start importing Assets/Prefabs/bed_2.prefab using Guid(d4a5ab8e8d903459dbc3e56db73e0af4) Importer(815301076,1909f56bfc062723c751e8b465ee728b)  -> (artifact id: 'ef348be468a9a17bed4ef1c6b517b900') in 0.486512 seconds 
========================================================================
Received Import Request.
  Time since last request: 0.000059 seconds.
  path: Assets/Prefabs/vase_1.prefab
  artifactKey: Guid(8560c70175a164d59bb699a2b6645a53) Importer(815301076,1909f56bfc062723c751e8b465ee728b)
Start importing Assets/Prefabs/vase_1.prefab using Guid(8560c70175a164d59bb699a2b6645a53) Importer(815301076,1909f56bfc062723c751e8b465ee728b)  -> (artifact id: '39d5386df68679912adb634b154debf8') in 0.274917 seconds 
========================================================================
Received Import Request.
  Time since last request: 0.000048 seconds.
  path: Assets/Prefabs/sofa_2.prefab
  artifactKey: Guid(192b38ae117394562ba0bc9389a3097d) Importer(815301076,1909f56bfc062723c751e8b465ee728b)
Start importing Assets/Prefabs/sofa_2.prefab using Guid(192b38ae117394562ba0bc9389a3097d) Importer(815301076,1909f56bfc062723c751e8b465ee728b)  -> (artifact id: 'ec6de4ecb4815f9822721f4ceba9d2ab') in 0.006143 seconds 
========================================================================
Received Import Request.
  Time since last request: 0.000051 seconds.
  path: Assets/Prefabs/bed_1.prefab
  artifactKey: Guid(09bb5af9db01143648bd492edd9fad5f) Importer(815301076,1909f56bfc062723c751e8b465ee728b)
Start importing Assets/Prefabs/bed_1.prefab using Guid(09bb5af9db01143648bd492edd9fad5f) Importer(815301076,1909f56bfc062723c751e8b465ee728b)  -> (artifact id: '34d721277a47ad013996c0d2027a1633') in 0.006062 seconds 
========================================================================
Received Import Request.
  Time since last request: 0.000059 seconds.
  path: Assets/Prefabs/coffee_table_3.prefab
  artifactKey: Guid(fb2b513c0451246179960df8117181bb) Importer(815301076,1909f56bfc062723c751e8b465ee728b)
Start importing Assets/Prefabs/coffee_table_3.prefab using Guid(fb2b513c0451246179960df8117181bb) Importer(815301076,1909f56bfc062723c751e8b465ee728b)  -> (artifact id: '2db228b4c09422a7c3906c3fd7e707bc') in 0.005850 seconds 
========================================================================
Received Import Request.
  Time since last request: 0.000048 seconds.
  path: Assets/Prefabs/tv_table_1.prefab
  artifactKey: Guid(4e97849d6033f474d87863e4d67538c6) Importer(815301076,1909f56bfc062723c751e8b465ee728b)
Start importing Assets/Prefabs/tv_table_1.prefab using Guid(4e97849d6033f474d87863e4d67538c6) Importer(815301076,1909f56bfc062723c751e8b465ee728b)  -> (artifact id: '43859e14b2ffc5c417a596b73e56fac6') in 0.006511 seconds 
========================================================================
Received Import Request.
  Time since last request: 0.000046 seconds.
  path: Assets/Prefabs/rack_1.prefab
  artifactKey: Guid(5fc7e34a20d334d5390d41bc095eead9) Importer(815301076,1909f56bfc062723c751e8b465ee728b)
Start importing Assets/Prefabs/rack_1.prefab using Guid(5fc7e34a20d334d5390d41bc095eead9) Importer(815301076,1909f56bfc062723c751e8b465ee728b)  -> (artifact id: '7061420508f33aa1cbef32c00e0edc03') in 0.005781 seconds 
========================================================================
Received Import Request.
  Time since last request: 0.000050 seconds.
  path: Assets/Prefabs/AR Default Plane.prefab
  artifactKey: Guid(f6fc1238df97542fe8a077ff19769ba0) Importer(815301076,1909f56bfc062723c751e8b465ee728b)
Start importing Assets/Prefabs/AR Default Plane.prefab using Guid(f6fc1238df97542fe8a077ff19769ba0) Importer(815301076,1909f56bfc062723c751e8b465ee728b)  -> (artifact id: '6dc3e463b8e305a12ba9c58754d229ac') in 0.007269 seconds 
========================================================================
Received Import Request.
  Time since last request: 0.000352 seconds.
  path: Assets/Prefabs/corner_sofa.prefab
  artifactKey: Guid(24fe43a824d3647569bc5a0337cfbc1d) Importer(815301076,1909f56bfc062723c751e8b465ee728b)
Start importing Assets/Prefabs/corner_sofa.prefab using Guid(24fe43a824d3647569bc5a0337cfbc1d) Importer(815301076,1909f56bfc062723c751e8b465ee728b)  -> (artifact id: 'b1cbe8d7acd6829ab8301cefb361addf') in 0.014454 seconds 
========================================================================
Received Import Request.
  Time since last request: 0.000050 seconds.
  path: Assets/Prefabs/shower.prefab
  artifactKey: Guid(27f5939bd41b04a2c86662a9fe12e617) Importer(815301076,1909f56bfc062723c751e8b465ee728b)
Start importing Assets/Prefabs/shower.prefab using Guid(27f5939bd41b04a2c86662a9fe12e617) Importer(815301076,1909f56bfc062723c751e8b465ee728b)  -> (artifact id: 'cbc96cc257362402868c1bb63a75c27c') in 0.285608 seconds 
========================================================================
Received Prepare
Refreshing native plugins compatible for Editor in 9.31 ms, found 2 plugins.
Preloading 0 native plugins for Editor in 0.00 ms.
Unloading 43 Unused Serialized files (Serialized files now loaded: 0)
Unloading 45 unused Assets / (52.7 KB). Loaded Objects now: 4856.
Memory consumption went from 65.3 MB to 65.3 MB.
Total: 6.900083 ms (FindLiveObjects: 0.212583 ms CreateObjectMapping: 0.054667 ms MarkObjects: 6.552750 ms  DeleteObjects: 0.079333 ms)

AssetImportParameters requested are different than current active one (requested -> active):
  custom:video-decoder-ogg-theora: a1e56fd34408186e4bbccfd4996cb3dc -> 
  custom:container-muxer-webm: aa71ff27fc2769a1b78a27578f13a17b -> 
  custom:container-demuxer-webm: 4f35f7cbe854078d1ac9338744f61a02 -> 
  custom:video-encoder-webm-vp8: eb34c28f22e8b96e1ab97ce403110664 -> 
  custom:framework-osx-AVFoundation: e770b220cccbd017edd2c1fefb359320 -> 
  custom:audio-encoder-webm-vorbis: bf7c407c2cedff20999df2af8eb42d56 -> 
  custom:container-demuxer-ogg: 62fdf1f143b41e24485cea50d1cbac27 -> 
  custom:video-decoder-webm-vp8: 9c59270c3fd7afecdb556c50c9e8de78 -> 
  custom:audio-decoder-ogg-vorbis: bf7c407c2cedff20999df2af8eb42d56 -> 
========================================================================
Received Prepare
Refreshing native plugins compatible for Editor in 2.60 ms, found 2 plugins.
Preloading 0 native plugins for Editor in 0.00 ms.
Unloading 43 Unused Serialized files (Serialized files now loaded: 0)
Unloading 43 unused Assets / (33.8 KB). Loaded Objects now: 4856.
Memory consumption went from 65.3 MB to 65.3 MB.
Total: 2.773000 ms (FindLiveObjects: 0.138417 ms CreateObjectMapping: 0.052416 ms MarkObjects: 2.536625 ms  DeleteObjects: 0.045000 ms)

AssetImportParameters requested are different than current active one (requested -> active):
  custom:video-decoder-ogg-theora: a1e56fd34408186e4bbccfd4996cb3dc -> 
  custom:container-muxer-webm: aa71ff27fc2769a1b78a27578f13a17b -> 
  custom:container-demuxer-webm: 4f35f7cbe854078d1ac9338744f61a02 -> 
  custom:video-encoder-webm-vp8: eb34c28f22e8b96e1ab97ce403110664 -> 
  custom:framework-osx-AVFoundation: e770b220cccbd017edd2c1fefb359320 -> 
  custom:audio-encoder-webm-vorbis: bf7c407c2cedff20999df2af8eb42d56 -> 
  custom:container-demuxer-ogg: 62fdf1f143b41e24485cea50d1cbac27 -> 
  custom:video-decoder-webm-vp8: 9c59270c3fd7afecdb556c50c9e8de78 -> 
  custom:audio-decoder-ogg-vorbis: bf7c407c2cedff20999df2af8eb42d56 -> 
========================================================================
Received Import Request.
  Time since last request: 250.506082 seconds.
  path: Assets/Prefabs/bed_1.prefab
  artifactKey: Guid(09bb5af9db01143648bd492edd9fad5f) Importer(815301076,1909f56bfc062723c751e8b465ee728b)
Start importing Assets/Prefabs/bed_1.prefab using Guid(09bb5af9db01143648bd492edd9fad5f) Importer(815301076,1909f56bfc062723c751e8b465ee728b)  -> (artifact id: '54e401682291571d6ff02a5b17ba2517') in 0.212704 seconds 
========================================================================
Received Import Request.
  Time since last request: 0.000059 seconds.
  path: Assets/Prefabs/rack_2.prefab
  artifactKey: Guid(2bf5bc587690c460f90d9b575e8940f5) Importer(815301076,1909f56bfc062723c751e8b465ee728b)
Start importing Assets/Prefabs/rack_2.prefab using Guid(2bf5bc587690c460f90d9b575e8940f5) Importer(815301076,1909f56bfc062723c751e8b465ee728b)  -> (artifact id: 'e41d5b13802257ab89162ad6480328df') in 0.006580 seconds 
========================================================================
Received Import Request.
  Time since last request: 0.009673 seconds.
  path: Assets/Prefabs/vase_2.prefab
  artifactKey: Guid(e137612b7190f49f4840f3b5ea0bda94) Importer(815301076,1909f56bfc062723c751e8b465ee728b)
Start importing Assets/Prefabs/vase_2.prefab using Guid(e137612b7190f49f4840f3b5ea0bda94) Importer(815301076,1909f56bfc062723c751e8b465ee728b)  -> (artifact id: 'd17e18c367a08f9880daacf4b950239f') in 0.160219 seconds 
========================================================================
Received Import Request.
  Time since last request: 0.000042 seconds.
  path: Assets/Prefabs/chair_4.prefab
  artifactKey: Guid(199a3f0e70e284cf39bf104f0ea38eb0) Importer(815301076,1909f56bfc062723c751e8b465ee728b)
Start importing Assets/Prefabs/chair_4.prefab using Guid(199a3f0e70e284cf39bf104f0ea38eb0) Importer(815301076,1909f56bfc062723c751e8b465ee728b)  -> (artifact id: '7180ee7bb9834b996dddcaf59d9b6697') in 0.006581 seconds 
========================================================================
Received Import Request.
  Time since last request: 0.000064 seconds.
  path: Assets/Prefabs/sofa_2.prefab
  artifactKey: Guid(192b38ae117394562ba0bc9389a3097d) Importer(815301076,1909f56bfc062723c751e8b465ee728b)
Start importing Assets/Prefabs/sofa_2.prefab using Guid(192b38ae117394562ba0bc9389a3097d) Importer(815301076,1909f56bfc062723c751e8b465ee728b)  -> (artifact id: 'ec944ce83fb64854a849c119dc44bfe0') in 0.006626 seconds 
========================================================================
Received Import Request.
  Time since last request: 0.000049 seconds.
  path: Assets/Prefabs/coffee_table_3.prefab
  artifactKey: Guid(fb2b513c0451246179960df8117181bb) Importer(815301076,1909f56bfc062723c751e8b465ee728b)
Start importing Assets/Prefabs/coffee_table_3.prefab using Guid(fb2b513c0451246179960df8117181bb) Importer(815301076,1909f56bfc062723c751e8b465ee728b)  -> (artifact id: '459bdfd19e63a427703949bbbe764743') in 0.006318 seconds 
========================================================================
Received Import Request.
  Time since last request: 0.000069 seconds.
  path: Assets/Prefabs/tv_table_1.prefab
  artifactKey: Guid(4e97849d6033f474d87863e4d67538c6) Importer(815301076,1909f56bfc062723c751e8b465ee728b)
Start importing Assets/Prefabs/tv_table_1.prefab using Guid(4e97849d6033f474d87863e4d67538c6) Importer(815301076,1909f56bfc062723c751e8b465ee728b)  -> (artifact id: 'c63f0f371ad94132a63b1e01f9840aab') in 0.007845 seconds 
========================================================================
Received Import Request.
  Time since last request: 0.000030 seconds.
  path: Assets/Prefabs/rack_1.prefab
  artifactKey: Guid(5fc7e34a20d334d5390d41bc095eead9) Importer(815301076,1909f56bfc062723c751e8b465ee728b)
Start importing Assets/Prefabs/rack_1.prefab using Guid(5fc7e34a20d334d5390d41bc095eead9) Importer(815301076,1909f56bfc062723c751e8b465ee728b)  -> (artifact id: 'fb9e893c88d292268d8f262e7f6da513') in 0.006296 seconds 
========================================================================
Received Import Request.
  Time since last request: 0.000058 seconds.
  path: Assets/Prefabs/corner_sofa.prefab
  artifactKey: Guid(24fe43a824d3647569bc5a0337cfbc1d) Importer(815301076,1909f56bfc062723c751e8b465ee728b)
Start importing Assets/Prefabs/corner_sofa.prefab using Guid(24fe43a824d3647569bc5a0337cfbc1d) Importer(815301076,1909f56bfc062723c751e8b465ee728b)  -> (artifact id: '926329e2a68c676c63537b8f2deb66a8') in 0.007365 seconds 
========================================================================
Received Import Request.
  Time since last request: 0.000058 seconds.
  path: Assets/Prefabs/sofa_4.prefab
  artifactKey: Guid(631e81286e89d4ccf85b9f614390564d) Importer(815301076,1909f56bfc062723c751e8b465ee728b)
Start importing Assets/Prefabs/sofa_4.prefab using Guid(631e81286e89d4ccf85b9f614390564d) Importer(815301076,1909f56bfc062723c751e8b465ee728b)  -> (artifact id: '17833ec6653a6b877a1542ca19c3975c') in 0.006776 seconds 
========================================================================
Received Import Request.
  Time since last request: 0.000052 seconds.
  path: Assets/Prefabs/sofa_1.prefab
  artifactKey: Guid(5b9e52e2df92b420db8671236211b226) Importer(815301076,1909f56bfc062723c751e8b465ee728b)
Start importing Assets/Prefabs/sofa_1.prefab using Guid(5b9e52e2df92b420db8671236211b226) Importer(815301076,1909f56bfc062723c751e8b465ee728b)  -> (artifact id: '6fe625fe25e29b2ac407bd0d8499c32e') in 0.006168 seconds 
========================================================================
Received Import Request.
  Time since last request: 0.000072 seconds.
  path: Assets/Prefabs/table_1.prefab
  artifactKey: Guid(15ca1b1d24718452a848ab0b81492fe8) Importer(815301076,1909f56bfc062723c751e8b465ee728b)
Start importing Assets/Prefabs/table_1.prefab using Guid(15ca1b1d24718452a848ab0b81492fe8) Importer(815301076,1909f56bfc062723c751e8b465ee728b)  -> (artifact id: '597471b3092b1be506373a490026457a') in 0.005970 seconds 
========================================================================
Received Import Request.
  Time since last request: 0.000048 seconds.
  path: Assets/Prefabs/kitchen_chair_1.prefab
  artifactKey: Guid(b4a52e73a04e14b6690a109bdd1288f5) Importer(815301076,1909f56bfc062723c751e8b465ee728b)
Start importing Assets/Prefabs/kitchen_chair_1.prefab using Guid(b4a52e73a04e14b6690a109bdd1288f5) Importer(815301076,1909f56bfc062723c751e8b465ee728b)  -> (artifact id: '538116d8bef4ef8d1e98687dda27a4e1') in 0.006451 seconds 
========================================================================
Received Import Request.
  Time since last request: 0.000046 seconds.
  path: Assets/Prefabs/torchere_1.prefab
  artifactKey: Guid(16cce0108685449e6b1cde2aceea8f70) Importer(815301076,1909f56bfc062723c751e8b465ee728b)
Start importing Assets/Prefabs/torchere_1.prefab using Guid(16cce0108685449e6b1cde2aceea8f70) Importer(815301076,1909f56bfc062723c751e8b465ee728b)  -> (artifact id: '9daf132b6c74806ee1a9a717cde4f511') in 0.005693 seconds 
========================================================================
Received Import Request.
  Time since last request: 0.000060 seconds.
  path: Assets/Prefabs/kitchen_table_1.prefab
  artifactKey: Guid(6eab937be70c54b11833ff3c9f13524e) Importer(815301076,1909f56bfc062723c751e8b465ee728b)
Start importing Assets/Prefabs/kitchen_table_1.prefab using Guid(6eab937be70c54b11833ff3c9f13524e) Importer(815301076,1909f56bfc062723c751e8b465ee728b)  -> (artifact id: '7ad5dd59d5d0b4af4f00819b68731e50') in 0.005406 seconds 
========================================================================
Received Import Request.
  Time since last request: 0.000052 seconds.
  path: Assets/Prefabs/torchere_3.prefab
  artifactKey: Guid(fee74d05a3e6d47ce86e53dd054f7279) Importer(815301076,1909f56bfc062723c751e8b465ee728b)
Start importing Assets/Prefabs/torchere_3.prefab using Guid(fee74d05a3e6d47ce86e53dd054f7279) Importer(815301076,1909f56bfc062723c751e8b465ee728b)  -> (artifact id: '31b3bb6a3eb7c7e0840b3835ce7620d8') in 0.006043 seconds 
========================================================================
Received Import Request.
  Time since last request: 0.000049 seconds.
  path: Assets/Prefabs/coffee_table_4.prefab
  artifactKey: Guid(c9932c3f2197146af95fa8937a975ae5) Importer(815301076,1909f56bfc062723c751e8b465ee728b)
Start importing Assets/Prefabs/coffee_table_4.prefab using Guid(c9932c3f2197146af95fa8937a975ae5) Importer(815301076,1909f56bfc062723c751e8b465ee728b)  -> (artifact id: '75107a014ec3802862b788b7f3029950') in 0.005722 seconds 
========================================================================
Received Prepare
Registering precompiled user dll's ...
Registered in 0.002650 seconds.
Begin MonoManager ReloadAssembly
Thread 0x287747000 may have been prematurely finalized
Symbol file LoadedFromMemory doesn't match image /Users/ashrafjfr/Unity/FurnishAR/Library/PackageCache/com.unity.visualscripting@1.7.8/Editor/VisualScripting.Core/Dependencies/DotNetZip/Unity.VisualScripting.IonicZip.dll
Symbol file LoadedFromMemory doesn't match image /Users/ashrafjfr/Unity/FurnishAR/Library/PackageCache/com.unity.visualscripting@1.7.8/Editor/VisualScripting.Core/Dependencies/YamlDotNet/Unity.VisualScripting.YamlDotNet.dll
Native extension for iOS target not found
Native extension for Android target not found
Native extension for OSXStandalone target not found
Refreshing native plugins compatible for Editor in 0.63 ms, found 2 plugins.
Preloading 0 native plugins for Editor in 0.00 ms.
Mono: successfully reloaded assembly
- Completed reload, in  0.646 seconds
Domain Reload Profiling:
	ReloadAssembly (650ms)
		BeginReloadAssembly (111ms)
			ExecutionOrderSort (0ms)
			DisableScriptedObjects (4ms)
			BackupInstance (0ms)
			ReleaseScriptingObjects (0ms)
			CreateAndSetChildDomain (53ms)
		EndReloadAssembly (484ms)
			LoadAssemblies (35ms)
			RebuildTransferFunctionScriptingTraits (0ms)
			SetupTypeCache (178ms)
			ReleaseScriptCaches (1ms)
			RebuildScriptCaches (25ms)
			SetupLoadedEditorAssemblies (217ms)
				LogAssemblyErrors (0ms)
				InitializePlatformSupportModulesInManaged (16ms)
				SetLoadedEditorAssemblies (0ms)
				RefreshPlugins (1ms)
				BeforeProcessingInitializeOnLoad (47ms)
				ProcessInitializeOnLoadAttributes (138ms)
				ProcessInitializeOnLoadMethodAttributes (14ms)
				AfterProcessingInitializeOnLoad (1ms)
				EditorAssembliesLoaded (0ms)
			ExecutionOrderSort2 (0ms)
			AwakeInstancesAfterBackupRestoration (2ms)
Platform modules already initialized, skipping
Refreshing native plugins compatible for Editor in 2.04 ms, found 2 plugins.
Preloading 0 native plugins for Editor in 0.00 ms.
Unloading 4370 Unused Serialized files (Serialized files now loaded: 0)
Unloading 43 unused Assets / (34.1 KB). Loaded Objects now: 4859.
Memory consumption went from 152.1 MB to 152.0 MB.
Total: 2.556250 ms (FindLiveObjects: 0.124750 ms CreateObjectMapping: 0.053250 ms MarkObjects: 2.321583 ms  DeleteObjects: 0.056000 ms)

AssetImportParameters requested are different than current active one (requested -> active):
  custom:video-decoder-ogg-theora: a1e56fd34408186e4bbccfd4996cb3dc -> 
  custom:container-muxer-webm: aa71ff27fc2769a1b78a27578f13a17b -> 
  custom:container-demuxer-webm: 4f35f7cbe854078d1ac9338744f61a02 -> 
  custom:video-encoder-webm-vp8: eb34c28f22e8b96e1ab97ce403110664 -> 
  custom:framework-osx-AVFoundation: e770b220cccbd017edd2c1fefb359320 -> 
  custom:audio-encoder-webm-vorbis: bf7c407c2cedff20999df2af8eb42d56 -> 
  custom:container-demuxer-ogg: 62fdf1f143b41e24485cea50d1cbac27 -> 
  custom:video-decoder-webm-vp8: 9c59270c3fd7afecdb556c50c9e8de78 -> 
  custom:audio-decoder-ogg-vorbis: bf7c407c2cedff20999df2af8eb42d56 -> 
