Unity Editor version:    2021.3.16f1 (4016570cf34f)
Branch:                  2021.3/evg/staging/82bb020e-b03b1330/draft-0
Build type:              Release
Batch mode:              YES
macOS version:           Version 14.0 (Build 23A344)
Darwin version:          23.0.0
Architecture:            arm64
Running under Rosetta:   NO
Available memory:        16384 MB
Using pre-set license
Pro License: YES

COMMAND LINE ARGUMENTS:
/Applications/Unity/Hub/Editor/2021.3.16f1/Unity.app/Contents/MacOS/Unity
-adb2
-batchMode
-noUpm
-name
AssetImportWorker0
-projectPath
/Users/ashrafjfr/Unity/FurnishAR
-logFile
Logs/AssetImportWorker0.log
-srvPort
65478
Successfully changed project path to: /Users/ashrafjfr/Unity/FurnishAR
/Users/ashrafjfr/Unity/FurnishAR
[UnityMemory] Configuration Parameters - Can be set up in boot.config
    "memorysetup-bucket-allocator-granularity=16"
    "memorysetup-bucket-allocator-bucket-count=8"
    "memorysetup-bucket-allocator-block-size=33554432"
    "memorysetup-bucket-allocator-block-count=8"
    "memorysetup-main-allocator-block-size=16777216"
    "memorysetup-thread-allocator-block-size=16777216"
    "memorysetup-gfx-main-allocator-block-size=16777216"
    "memorysetup-gfx-thread-allocator-block-size=16777216"
    "memorysetup-cache-allocator-block-size=4194304"
    "memorysetup-typetree-allocator-block-size=2097152"
    "memorysetup-profiler-bucket-allocator-granularity=16"
    "memorysetup-profiler-bucket-allocator-bucket-count=8"
    "memorysetup-profiler-bucket-allocator-block-size=33554432"
    "memorysetup-profiler-bucket-allocator-block-count=8"
    "memorysetup-profiler-allocator-block-size=16777216"
    "memorysetup-profiler-editor-allocator-block-size=1048576"
    "memorysetup-temp-allocator-size-main=16777216"
    "memorysetup-job-temp-allocator-block-size=2097152"
    "memorysetup-job-temp-allocator-block-size-background=1048576"
    "memorysetup-job-temp-allocator-reduction-small-platforms=262144"
    "memorysetup-temp-allocator-size-background-worker=32768"
    "memorysetup-temp-allocator-size-job-worker=262144"
    "memorysetup-temp-allocator-size-preload-manager=33554432"
    "memorysetup-temp-allocator-size-nav-mesh-worker=65536"
    "memorysetup-temp-allocator-size-audio-worker=65536"
    "memorysetup-temp-allocator-size-cloud-worker=32768"
    "memorysetup-temp-allocator-size-gi-baking-worker=262144"
    "memorysetup-temp-allocator-size-gfx=262144"
Player connection [7927960320] Host "[IP] 192.168.1.48 [Port] 0 [Flags] 2 [Guid] 1403429725 [EditorId] 1403429725 [Version] 1048832 [Id] OSXEditor(0,Ashrafs-MacBook-Pro.local) [Debug] 1 [PackageName] OSXEditor [ProjectName] Editor" joined multi-casting on [225.0.0.222:54997]...

Player connection [7927960320] Host "[IP] 192.168.1.48 [Port] 0 [Flags] 2 [Guid] 1403429725 [EditorId] 1403429725 [Version] 1048832 [Id] OSXEditor(0,Ashrafs-MacBook-Pro.local) [Debug] 1 [PackageName] OSXEditor [ProjectName] Editor" joined alternative multi-casting on [225.0.0.222:34997]...

Refreshing native plugins compatible for Editor in 92.15 ms, found 2 plugins.
Preloading 0 native plugins for Editor in 0.00 ms.
Initialize engine version: 2021.3.16f1 (4016570cf34f)
[Subsystems] Discovering subsystems at path /Applications/Unity/Hub/Editor/2021.3.16f1/Unity.app/Contents/Resources/UnitySubsystems
[Subsystems] Discovering subsystems at path /Users/ashrafjfr/Unity/FurnishAR/Assets
GfxDevice: creating device client; threaded=0; jobified=0
 preferred device: Apple M1 Pro (high power)
Metal devices available: 1
0: Apple M1 Pro (high power)
Using device Apple M1 Pro (high power)
Initializing Metal device caps: Apple M1 Pro
Initialize mono
Mono path[0] = '/Applications/Unity/Hub/Editor/2021.3.16f1/Unity.app/Contents/Managed'
Mono path[1] = '/Applications/Unity/Hub/Editor/2021.3.16f1/Unity.app/Contents/MonoBleedingEdge/lib/mono/unityjit-macos'
Mono config path = '/Applications/Unity/Hub/Editor/2021.3.16f1/Unity.app/Contents/MonoBleedingEdge/etc'
Using monoOptions --debugger-agent=transport=dt_socket,embedding=1,server=y,suspend=n,address=127.0.0.1:56102
Begin MonoManager ReloadAssembly
Registering precompiled unity dll's ...
Register platform support module: /Applications/Unity/Hub/Editor/2021.3.16f1/Unity.app/Contents/PlaybackEngines/MacStandaloneSupport/UnityEditor.OSXStandalone.Extensions.dll
Register platform support module: /Applications/Unity/Hub/Editor/2021.3.16f1/PlaybackEngines/AndroidPlayer/UnityEditor.Android.Extensions.dll
Register platform support module: /Applications/Unity/Hub/Editor/2021.3.16f1/PlaybackEngines/iOSSupport/UnityEditor.iOS.Extensions.dll
Registered in 0.002516 seconds.
[usbmuxd] Start listen thread
[usbmuxd] Listen thread started
[usbmuxd] Send listen message
Native extension for iOS target not found
[usbmuxd] Attached: 681 00008130-0002248926E0001C
Native extension for Android target not found
Native extension for OSXStandalone target not found
Refreshing native plugins compatible for Editor in 84.59 ms, found 2 plugins.
Preloading 0 native plugins for Editor in 0.00 ms.
Mono: successfully reloaded assembly
- Completed reload, in  0.495 seconds
Domain Reload Profiling:
	ReloadAssembly (495ms)
		BeginReloadAssembly (56ms)
			ExecutionOrderSort (0ms)
			DisableScriptedObjects (0ms)
			BackupInstance (0ms)
			ReleaseScriptingObjects (0ms)
			CreateAndSetChildDomain (0ms)
		EndReloadAssembly (371ms)
			LoadAssemblies (58ms)
			RebuildTransferFunctionScriptingTraits (0ms)
			SetupTypeCache (72ms)
			ReleaseScriptCaches (0ms)
			RebuildScriptCaches (21ms)
			SetupLoadedEditorAssemblies (246ms)
				LogAssemblyErrors (0ms)
				InitializePlatformSupportModulesInManaged (88ms)
				SetLoadedEditorAssemblies (0ms)
				RefreshPlugins (85ms)
				BeforeProcessingInitializeOnLoad (1ms)
				ProcessInitializeOnLoadAttributes (47ms)
				ProcessInitializeOnLoadMethodAttributes (25ms)
				AfterProcessingInitializeOnLoad (0ms)
				EditorAssembliesLoaded (0ms)
			ExecutionOrderSort2 (0ms)
			AwakeInstancesAfterBackupRestoration (0ms)
Platform modules already initialized, skipping
Registering precompiled user dll's ...
Registered in 0.006228 seconds.
Begin MonoManager ReloadAssembly
Symbol file LoadedFromMemory doesn't match image /Users/ashrafjfr/Unity/FurnishAR/Library/PackageCache/com.unity.visualscripting@1.7.8/Editor/VisualScripting.Core/Dependencies/DotNetZip/Unity.VisualScripting.IonicZip.dll
Symbol file LoadedFromMemory doesn't match image /Users/ashrafjfr/Unity/FurnishAR/Library/PackageCache/com.unity.visualscripting@1.7.8/Editor/VisualScripting.Core/Dependencies/YamlDotNet/Unity.VisualScripting.YamlDotNet.dll
Native extension for iOS target not found
Native extension for Android target not found
Native extension for OSXStandalone target not found
Refreshing native plugins compatible for Editor in 84.87 ms, found 2 plugins.
Preloading 0 native plugins for Editor in 0.00 ms.
Package Manager log level set to [2]
Mono: successfully reloaded assembly
- Completed reload, in  0.915 seconds
Domain Reload Profiling:
	ReloadAssembly (916ms)
		BeginReloadAssembly (165ms)
			ExecutionOrderSort (0ms)
			DisableScriptedObjects (3ms)
			BackupInstance (0ms)
			ReleaseScriptingObjects (0ms)
			CreateAndSetChildDomain (123ms)
		EndReloadAssembly (680ms)
			LoadAssemblies (61ms)
			RebuildTransferFunctionScriptingTraits (0ms)
			SetupTypeCache (189ms)
			ReleaseScriptCaches (3ms)
			RebuildScriptCaches (39ms)
			SetupLoadedEditorAssemblies (358ms)
				LogAssemblyErrors (0ms)
				InitializePlatformSupportModulesInManaged (13ms)
				SetLoadedEditorAssemblies (0ms)
				RefreshPlugins (85ms)
				BeforeProcessingInitializeOnLoad (81ms)
				ProcessInitializeOnLoadAttributes (162ms)
				ProcessInitializeOnLoadMethodAttributes (15ms)
				AfterProcessingInitializeOnLoad (1ms)
				EditorAssembliesLoaded (0ms)
			ExecutionOrderSort2 (0ms)
			AwakeInstancesAfterBackupRestoration (2ms)
Platform modules already initialized, skipping
========================================================================
Worker process is ready to serve import requests
Launching external process: /Applications/Unity/Hub/Editor/2021.3.16f1/Unity.app/Contents/Tools/UnityShaderCompiler
Launched and connected shader compiler UnityShaderCompiler after 0.05 seconds
Refreshing native plugins compatible for Editor in 0.77 ms, found 2 plugins.
Preloading 0 native plugins for Editor in 0.00 ms.
Unloading 4405 Unused Serialized files (Serialized files now loaded: 0)
Unloading 53 unused Assets / (54.6 KB). Loaded Objects now: 4845.
Memory consumption went from 147.9 MB to 147.8 MB.
Total: 2.622792 ms (FindLiveObjects: 0.129750 ms CreateObjectMapping: 0.051416 ms MarkObjects: 2.359459 ms  DeleteObjects: 0.081709 ms)

AssetImportParameters requested are different than current active one (requested -> active):
  custom:video-decoder-ogg-theora: a1e56fd34408186e4bbccfd4996cb3dc -> 
  custom:container-muxer-webm: aa71ff27fc2769a1b78a27578f13a17b -> 
  custom:container-demuxer-webm: 4f35f7cbe854078d1ac9338744f61a02 -> 
  custom:video-encoder-webm-vp8: eb34c28f22e8b96e1ab97ce403110664 -> 
  custom:framework-osx-AVFoundation: e770b220cccbd017edd2c1fefb359320 -> 
  custom:audio-encoder-webm-vorbis: bf7c407c2cedff20999df2af8eb42d56 -> 
  custom:container-demuxer-ogg: 62fdf1f143b41e24485cea50d1cbac27 -> 
  custom:video-decoder-webm-vp8: 9c59270c3fd7afecdb556c50c9e8de78 -> 
  custom:audio-decoder-ogg-vorbis: bf7c407c2cedff20999df2af8eb42d56 -> 
========================================================================
Received Import Request.
  Time since last request: 546896.323162 seconds.
  path: Assets/Prefabs
  artifactKey: Guid(651e71fbeaeaa431a98bb7c6b908b1d2) Importer(815301076,1909f56bfc062723c751e8b465ee728b)
Start importing Assets/Prefabs using Guid(651e71fbeaeaa431a98bb7c6b908b1d2) Importer(815301076,1909f56bfc062723c751e8b465ee728b)  -> (artifact id: '81c1f0c114fa013262c0b80ff784e59b') in 0.005604 seconds 
========================================================================
Received Import Request.
  Time since last request: 0.000045 seconds.
  path: Assets/Prefabs/rack_2.prefab
  artifactKey: Guid(2bf5bc587690c460f90d9b575e8940f5) Importer(815301076,1909f56bfc062723c751e8b465ee728b)
Start importing Assets/Prefabs/rack_2.prefab using Guid(2bf5bc587690c460f90d9b575e8940f5) Importer(815301076,1909f56bfc062723c751e8b465ee728b)  -> (artifact id: 'ff6c1104061f98fb60f1d15921593a18') in 0.375251 seconds 
========================================================================
Received Import Request.
  Time since last request: 0.000055 seconds.
  path: Assets/Prefabs/vase_2.prefab
  artifactKey: Guid(e137612b7190f49f4840f3b5ea0bda94) Importer(815301076,1909f56bfc062723c751e8b465ee728b)
Start importing Assets/Prefabs/vase_2.prefab using Guid(e137612b7190f49f4840f3b5ea0bda94) Importer(815301076,1909f56bfc062723c751e8b465ee728b)  -> (artifact id: '26a5352e1144c089a9313523939277b2') in 0.283042 seconds 
========================================================================
Received Import Request.
  Time since last request: 0.000044 seconds.
  path: Assets/Prefabs/chair_4.prefab
  artifactKey: Guid(199a3f0e70e284cf39bf104f0ea38eb0) Importer(815301076,1909f56bfc062723c751e8b465ee728b)
Start importing Assets/Prefabs/chair_4.prefab using Guid(199a3f0e70e284cf39bf104f0ea38eb0) Importer(815301076,1909f56bfc062723c751e8b465ee728b)  -> (artifact id: 'e2f07a1cd97535e65e6243e30cd9eaa3') in 0.141291 seconds 
========================================================================
Received Import Request.
  Time since last request: 0.000052 seconds.
  path: Assets/Prefabs/sofa_4.prefab
  artifactKey: Guid(631e81286e89d4ccf85b9f614390564d) Importer(815301076,1909f56bfc062723c751e8b465ee728b)
Start importing Assets/Prefabs/sofa_4.prefab using Guid(631e81286e89d4ccf85b9f614390564d) Importer(815301076,1909f56bfc062723c751e8b465ee728b)  -> (artifact id: '569f2276d9e4a0934148ffa521449b4b') in 0.008813 seconds 
========================================================================
Received Import Request.
  Time since last request: 0.000045 seconds.
  path: Assets/Prefabs/sofa_1.prefab
  artifactKey: Guid(5b9e52e2df92b420db8671236211b226) Importer(815301076,1909f56bfc062723c751e8b465ee728b)
Start importing Assets/Prefabs/sofa_1.prefab using Guid(5b9e52e2df92b420db8671236211b226) Importer(815301076,1909f56bfc062723c751e8b465ee728b)  -> (artifact id: 'df23bdf1966a351e6f1373a26f376d9b') in 0.008051 seconds 
========================================================================
Received Import Request.
  Time since last request: 0.000069 seconds.
  path: Assets/Prefabs/table_1.prefab
  artifactKey: Guid(15ca1b1d24718452a848ab0b81492fe8) Importer(815301076,1909f56bfc062723c751e8b465ee728b)
Start importing Assets/Prefabs/table_1.prefab using Guid(15ca1b1d24718452a848ab0b81492fe8) Importer(815301076,1909f56bfc062723c751e8b465ee728b)  -> (artifact id: '3b0a73848f481f037796f465bd563bd2') in 0.005566 seconds 
========================================================================
Received Import Request.
  Time since last request: 0.000048 seconds.
  path: Assets/Prefabs/kitchen_chair_1.prefab
  artifactKey: Guid(b4a52e73a04e14b6690a109bdd1288f5) Importer(815301076,1909f56bfc062723c751e8b465ee728b)
Start importing Assets/Prefabs/kitchen_chair_1.prefab using Guid(b4a52e73a04e14b6690a109bdd1288f5) Importer(815301076,1909f56bfc062723c751e8b465ee728b)  -> (artifact id: '9675cfebf30b1f99759737206228b0a9') in 0.006649 seconds 
========================================================================
Received Import Request.
  Time since last request: 0.000046 seconds.
  path: Assets/Prefabs/torchere_1.prefab
  artifactKey: Guid(16cce0108685449e6b1cde2aceea8f70) Importer(815301076,1909f56bfc062723c751e8b465ee728b)
Start importing Assets/Prefabs/torchere_1.prefab using Guid(16cce0108685449e6b1cde2aceea8f70) Importer(815301076,1909f56bfc062723c751e8b465ee728b)  -> (artifact id: '6e83a2a6efa3b9a95d2074c14e31f548') in 0.005905 seconds 
========================================================================
Received Import Request.
  Time since last request: 0.000052 seconds.
  path: Assets/Prefabs/kitchen_table_1.prefab
  artifactKey: Guid(6eab937be70c54b11833ff3c9f13524e) Importer(815301076,1909f56bfc062723c751e8b465ee728b)
Start importing Assets/Prefabs/kitchen_table_1.prefab using Guid(6eab937be70c54b11833ff3c9f13524e) Importer(815301076,1909f56bfc062723c751e8b465ee728b)  -> (artifact id: 'e77a04cee9151779423effbfb997edd9') in 0.005660 seconds 
========================================================================
Received Import Request.
  Time since last request: 0.000047 seconds.
  path: Assets/Prefabs/torchere_3.prefab
  artifactKey: Guid(fee74d05a3e6d47ce86e53dd054f7279) Importer(815301076,1909f56bfc062723c751e8b465ee728b)
Start importing Assets/Prefabs/torchere_3.prefab using Guid(fee74d05a3e6d47ce86e53dd054f7279) Importer(815301076,1909f56bfc062723c751e8b465ee728b)  -> (artifact id: '8263cb8a2c41240bc16c9f7b63d92299') in 0.006863 seconds 
========================================================================
Received Import Request.
  Time since last request: 0.000075 seconds.
  path: Assets/Prefabs/coffee_table_4.prefab
  artifactKey: Guid(c9932c3f2197146af95fa8937a975ae5) Importer(815301076,1909f56bfc062723c751e8b465ee728b)
Start importing Assets/Prefabs/coffee_table_4.prefab using Guid(c9932c3f2197146af95fa8937a975ae5) Importer(815301076,1909f56bfc062723c751e8b465ee728b)  -> (artifact id: 'fd88c357fb078d4b21060cef3b2cf8bb') in 0.005593 seconds 
========================================================================
Received Import Request.
  Time since last request: 52.118519 seconds.
  path: Assets/Prefabs/removeButton.prefab
  artifactKey: Guid(a6c6c76ef1ead432fb3664d57420e28f) Importer(815301076,1909f56bfc062723c751e8b465ee728b)
Start importing Assets/Prefabs/removeButton.prefab using Guid(a6c6c76ef1ead432fb3664d57420e28f) Importer(815301076,1909f56bfc062723c751e8b465ee728b)  -> (artifact id: '715cf3c2f23fa374dad55f3285b626b4') in 0.046713 seconds 
========================================================================
Received Import Request.
  Time since last request: 40.686785 seconds.
  path: Assets/Scripts
  artifactKey: Guid(ba5a9a61ce55d4f13ba1b9579370b299) Importer(815301076,1909f56bfc062723c751e8b465ee728b)
Start importing Assets/Scripts using Guid(ba5a9a61ce55d4f13ba1b9579370b299) Importer(815301076,1909f56bfc062723c751e8b465ee728b)  -> (artifact id: '55c29a97469aaf7d603f924119f3183d') in 0.002643 seconds 
========================================================================
Received Import Request.
  Time since last request: 1.765376 seconds.
  path: Assets/Scripts/SpawnableManager.cs
  artifactKey: Guid(8e0ba83cdc12343b3b62fa5c51c78433) Importer(815301076,1909f56bfc062723c751e8b465ee728b)
Start importing Assets/Scripts/SpawnableManager.cs using Guid(8e0ba83cdc12343b3b62fa5c51c78433) Importer(815301076,1909f56bfc062723c751e8b465ee728b)  -> (artifact id: 'c7f60c7f6536ba249fcc1be07fea96f1') in 0.068996 seconds 
========================================================================
Received Prepare
Refreshing native plugins compatible for Editor in 3.28 ms, found 2 plugins.
Preloading 0 native plugins for Editor in 0.00 ms.
Unloading 43 Unused Serialized files (Serialized files now loaded: 0)
Unloading 43 unused Assets / (33.8 KB). Loaded Objects now: 4857.
Memory consumption went from 69.7 MB to 69.7 MB.
Total: 7.124291 ms (FindLiveObjects: 0.204875 ms CreateObjectMapping: 0.054959 ms MarkObjects: 6.807916 ms  DeleteObjects: 0.055833 ms)

AssetImportParameters requested are different than current active one (requested -> active):
  custom:video-decoder-ogg-theora: a1e56fd34408186e4bbccfd4996cb3dc -> 
  custom:container-muxer-webm: aa71ff27fc2769a1b78a27578f13a17b -> 
  custom:container-demuxer-webm: 4f35f7cbe854078d1ac9338744f61a02 -> 
  custom:video-encoder-webm-vp8: eb34c28f22e8b96e1ab97ce403110664 -> 
  custom:framework-osx-AVFoundation: e770b220cccbd017edd2c1fefb359320 -> 
  custom:audio-encoder-webm-vorbis: bf7c407c2cedff20999df2af8eb42d56 -> 
  custom:container-demuxer-ogg: 62fdf1f143b41e24485cea50d1cbac27 -> 
  custom:video-decoder-webm-vp8: 9c59270c3fd7afecdb556c50c9e8de78 -> 
  custom:audio-decoder-ogg-vorbis: bf7c407c2cedff20999df2af8eb42d56 -> 
========================================================================
Received Prepare
Refreshing native plugins compatible for Editor in 2.68 ms, found 2 plugins.
Preloading 0 native plugins for Editor in 0.00 ms.
Unloading 43 Unused Serialized files (Serialized files now loaded: 0)
Unloading 43 unused Assets / (33.8 KB). Loaded Objects now: 4857.
Memory consumption went from 69.7 MB to 69.7 MB.
Total: 2.857166 ms (FindLiveObjects: 0.111750 ms CreateObjectMapping: 0.055625 ms MarkObjects: 2.659000 ms  DeleteObjects: 0.030500 ms)

AssetImportParameters requested are different than current active one (requested -> active):
  custom:video-decoder-ogg-theora: a1e56fd34408186e4bbccfd4996cb3dc -> 
  custom:container-muxer-webm: aa71ff27fc2769a1b78a27578f13a17b -> 
  custom:container-demuxer-webm: 4f35f7cbe854078d1ac9338744f61a02 -> 
  custom:video-encoder-webm-vp8: eb34c28f22e8b96e1ab97ce403110664 -> 
  custom:framework-osx-AVFoundation: e770b220cccbd017edd2c1fefb359320 -> 
  custom:audio-encoder-webm-vorbis: bf7c407c2cedff20999df2af8eb42d56 -> 
  custom:container-demuxer-ogg: 62fdf1f143b41e24485cea50d1cbac27 -> 
  custom:video-decoder-webm-vp8: 9c59270c3fd7afecdb556c50c9e8de78 -> 
  custom:audio-decoder-ogg-vorbis: bf7c407c2cedff20999df2af8eb42d56 -> 
========================================================================
Received Import Request.
  Time since last request: 155.937214 seconds.
  path: Assets/Prefabs/AR Default Plane.prefab
  artifactKey: Guid(f6fc1238df97542fe8a077ff19769ba0) Importer(815301076,1909f56bfc062723c751e8b465ee728b)
Start importing Assets/Prefabs/AR Default Plane.prefab using Guid(f6fc1238df97542fe8a077ff19769ba0) Importer(815301076,1909f56bfc062723c751e8b465ee728b)  -> (artifact id: '6f3d2a50cee747bfa1af24a1aa4cbc91') in 0.020327 seconds 
========================================================================
Received Import Request.
  Time since last request: 0.006992 seconds.
  path: Assets/Prefabs/bed_2.prefab
  artifactKey: Guid(d4a5ab8e8d903459dbc3e56db73e0af4) Importer(815301076,1909f56bfc062723c751e8b465ee728b)
Start importing Assets/Prefabs/bed_2.prefab using Guid(d4a5ab8e8d903459dbc3e56db73e0af4) Importer(815301076,1909f56bfc062723c751e8b465ee728b)  -> (artifact id: '70d20a29b87ce75e37fa61c18f218781') in 0.284626 seconds 
========================================================================
Received Import Request.
  Time since last request: 0.000059 seconds.
  path: Assets/Prefabs/vase_1.prefab
  artifactKey: Guid(8560c70175a164d59bb699a2b6645a53) Importer(815301076,1909f56bfc062723c751e8b465ee728b)
Start importing Assets/Prefabs/vase_1.prefab using Guid(8560c70175a164d59bb699a2b6645a53) Importer(815301076,1909f56bfc062723c751e8b465ee728b)  -> (artifact id: '454e396a00275d03618a2835d659904f') in 0.229792 seconds 
========================================================================
Received Prepare
Registering precompiled user dll's ...
Registered in 0.002555 seconds.
Begin MonoManager ReloadAssembly
Thread 0x2a3747000 may have been prematurely finalized
Symbol file LoadedFromMemory doesn't match image /Users/ashrafjfr/Unity/FurnishAR/Library/PackageCache/com.unity.visualscripting@1.7.8/Editor/VisualScripting.Core/Dependencies/DotNetZip/Unity.VisualScripting.IonicZip.dll
Symbol file LoadedFromMemory doesn't match image /Users/ashrafjfr/Unity/FurnishAR/Library/PackageCache/com.unity.visualscripting@1.7.8/Editor/VisualScripting.Core/Dependencies/YamlDotNet/Unity.VisualScripting.YamlDotNet.dll
Native extension for iOS target not found
Native extension for Android target not found
Native extension for OSXStandalone target not found
Refreshing native plugins compatible for Editor in 0.60 ms, found 2 plugins.
Preloading 0 native plugins for Editor in 0.00 ms.
Mono: successfully reloaded assembly
- Completed reload, in  0.647 seconds
Domain Reload Profiling:
	ReloadAssembly (651ms)
		BeginReloadAssembly (111ms)
			ExecutionOrderSort (0ms)
			DisableScriptedObjects (4ms)
			BackupInstance (0ms)
			ReleaseScriptingObjects (0ms)
			CreateAndSetChildDomain (55ms)
		EndReloadAssembly (484ms)
			LoadAssemblies (34ms)
			RebuildTransferFunctionScriptingTraits (0ms)
			SetupTypeCache (179ms)
			ReleaseScriptCaches (1ms)
			RebuildScriptCaches (26ms)
			SetupLoadedEditorAssemblies (214ms)
				LogAssemblyErrors (0ms)
				InitializePlatformSupportModulesInManaged (16ms)
				SetLoadedEditorAssemblies (0ms)
				RefreshPlugins (1ms)
				BeforeProcessingInitializeOnLoad (48ms)
				ProcessInitializeOnLoadAttributes (136ms)
				ProcessInitializeOnLoadMethodAttributes (13ms)
				AfterProcessingInitializeOnLoad (1ms)
				EditorAssembliesLoaded (0ms)
			ExecutionOrderSort2 (0ms)
			AwakeInstancesAfterBackupRestoration (2ms)
Platform modules already initialized, skipping
Refreshing native plugins compatible for Editor in 2.00 ms, found 2 plugins.
Preloading 0 native plugins for Editor in 0.00 ms.
Unloading 4370 Unused Serialized files (Serialized files now loaded: 0)
Unloading 45 unused Assets / (50.8 KB). Loaded Objects now: 4860.
Memory consumption went from 156.3 MB to 156.2 MB.
Total: 2.610833 ms (FindLiveObjects: 0.114292 ms CreateObjectMapping: 0.052916 ms MarkObjects: 2.373375 ms  DeleteObjects: 0.069667 ms)

AssetImportParameters requested are different than current active one (requested -> active):
  custom:video-decoder-ogg-theora: a1e56fd34408186e4bbccfd4996cb3dc -> 
  custom:container-muxer-webm: aa71ff27fc2769a1b78a27578f13a17b -> 
  custom:container-demuxer-webm: 4f35f7cbe854078d1ac9338744f61a02 -> 
  custom:video-encoder-webm-vp8: eb34c28f22e8b96e1ab97ce403110664 -> 
  custom:framework-osx-AVFoundation: e770b220cccbd017edd2c1fefb359320 -> 
  custom:audio-encoder-webm-vorbis: bf7c407c2cedff20999df2af8eb42d56 -> 
  custom:container-demuxer-ogg: 62fdf1f143b41e24485cea50d1cbac27 -> 
  custom:video-decoder-webm-vp8: 9c59270c3fd7afecdb556c50c9e8de78 -> 
  custom:audio-decoder-ogg-vorbis: bf7c407c2cedff20999df2af8eb42d56 -> 
